2025-08-08 09:15:34,265 [ERROR] 数据目录 data 不存在
2025-08-08 09:16:08,499 [ERROR] 数据目录 data 不存在
2025-08-08 09:29:51,094 [ERROR] 数据目录 data 不存在
2025-08-08 09:30:08,767 [ERROR] 数据目录 data 不存在
2025-08-08 09:30:36,136 [ERROR] 股票池为空！
2025-08-08 11:08:30,241 [ERROR] 股票池为空！
2025-08-08 11:16:41,917 [INFO] 未指定 --date，使用最近日期 2025-08-08
2025-08-08 11:16:44,325 [INFO] 
2025-08-08 11:16:44,326 [INFO] ============== 选股结果 [少妇战法] ==============
2025-08-08 11:16:44,327 [INFO] 交易日: 2025-08-08
2025-08-08 11:16:44,329 [INFO] 符合条件股票数: 1
2025-08-08 11:16:44,330 [INFO] 001283
2025-08-08 11:16:47,286 [INFO] 
2025-08-08 11:16:47,286 [INFO] ============== 选股结果 [补票战法] ==============
2025-08-08 11:16:47,287 [INFO] 交易日: 2025-08-08
2025-08-08 11:16:47,287 [INFO] 符合条件股票数: 2
2025-08-08 11:16:47,287 [INFO] 002097, 002838
2025-08-08 11:16:49,259 [INFO] 
2025-08-08 11:16:49,260 [INFO] ============== 选股结果 [TePu战法] ==============
2025-08-08 11:16:49,260 [INFO] 交易日: 2025-08-08
2025-08-08 11:16:49,261 [INFO] 符合条件股票数: 1
2025-08-08 11:16:49,261 [INFO] 002737
2025-08-08 11:54:55,377 [INFO] 未指定 --date，使用最近日期 2025-08-08
2025-08-08 11:55:00,612 [INFO] 
2025-08-08 11:55:00,612 [INFO] ============== 选股结果 [少妇战法] ==============
2025-08-08 11:55:00,613 [INFO] 交易日: 2025-08-08
2025-08-08 11:55:00,613 [INFO] 符合条件股票数: 2
2025-08-08 11:55:00,614 [INFO] 001283, 688018
2025-08-08 11:55:07,126 [INFO] 
2025-08-08 11:55:07,127 [INFO] ============== 选股结果 [补票战法] ==============
2025-08-08 11:55:07,127 [INFO] 交易日: 2025-08-08
2025-08-08 11:55:07,128 [INFO] 符合条件股票数: 3
2025-08-08 11:55:07,128 [INFO] 002097, 002838, 603200
2025-08-08 11:55:11,375 [INFO] 
2025-08-08 11:55:11,375 [INFO] ============== 选股结果 [TePu战法] ==============
2025-08-08 11:55:11,375 [INFO] 交易日: 2025-08-08
2025-08-08 11:55:11,376 [INFO] 符合条件股票数: 1
2025-08-08 11:55:11,376 [INFO] 002737
2025-08-08 15:39:51,640 [INFO] 未指定 --date，使用最近日期 2025-08-08
2025-08-08 15:39:57,103 [INFO] 
2025-08-08 15:39:57,103 [INFO] ============== 选股结果 [少妇战法] ==============
2025-08-08 15:39:57,104 [INFO] 交易日: 2025-08-08
2025-08-08 15:39:57,105 [INFO] 符合条件股票数: 2
2025-08-08 15:39:57,105 [INFO] 001283, 688018
2025-08-08 15:40:04,084 [INFO] 
2025-08-08 15:40:04,085 [INFO] ============== 选股结果 [补票战法] ==============
2025-08-08 15:40:04,086 [INFO] 交易日: 2025-08-08
2025-08-08 15:40:04,086 [INFO] 符合条件股票数: 3
2025-08-08 15:40:04,087 [INFO] 002097, 002838, 603200
2025-08-08 15:40:08,586 [INFO] 
2025-08-08 15:40:08,587 [INFO] ============== 选股结果 [TePu战法] ==============
2025-08-08 15:40:08,587 [INFO] 交易日: 2025-08-08
2025-08-08 15:40:08,588 [INFO] 符合条件股票数: 1
2025-08-08 15:40:08,588 [INFO] 002737
2025-08-08 16:41:20,878 [INFO] 未指定 --date，使用最近日期 2025-08-08
2025-08-08 16:41:27,379 [INFO] 
2025-08-08 16:41:27,379 [INFO] ============== 选股结果 [少妇战法] ==============
2025-08-08 16:41:27,379 [INFO] 交易日: 2025-08-08
2025-08-08 16:41:27,380 [INFO] 符合条件股票数: 2
2025-08-08 16:41:27,380 [INFO] 001283, 688018
2025-08-08 16:41:35,536 [INFO] 
2025-08-08 16:41:35,537 [INFO] ============== 选股结果 [补票战法] ==============
2025-08-08 16:41:35,537 [INFO] 交易日: 2025-08-08
2025-08-08 16:41:35,537 [INFO] 符合条件股票数: 3
2025-08-08 16:41:35,537 [INFO] 002097, 002838, 603200
2025-08-08 16:41:40,488 [INFO] 
2025-08-08 16:41:40,488 [INFO] ============== 选股结果 [TePu战法] ==============
2025-08-08 16:41:40,488 [INFO] 交易日: 2025-08-08
2025-08-08 16:41:40,488 [INFO] 符合条件股票数: 1
2025-08-08 16:41:40,488 [INFO] 002737
2025-08-11 10:13:05,922 [INFO] 未指定 --date，使用最近日期 2025-08-08
2025-08-11 10:13:11,666 [INFO] 
2025-08-11 10:13:11,666 [INFO] ============== 选股结果 [少妇战法] ==============
2025-08-11 10:13:11,666 [INFO] 交易日: 2025-08-08
2025-08-11 10:13:11,666 [INFO] 符合条件股票数: 2
2025-08-11 10:13:11,667 [INFO] 001283, 688018
2025-08-11 10:13:19,387 [INFO] 
2025-08-11 10:13:19,387 [INFO] ============== 选股结果 [补票战法] ==============
2025-08-11 10:13:19,387 [INFO] 交易日: 2025-08-08
2025-08-11 10:13:19,388 [INFO] 符合条件股票数: 3
2025-08-11 10:13:19,388 [INFO] 002097, 002838, 603200
2025-08-11 10:13:24,568 [INFO] 
2025-08-11 10:13:24,569 [INFO] ============== 选股结果 [TePu战法] ==============
2025-08-11 10:13:24,569 [INFO] 交易日: 2025-08-08
2025-08-11 10:13:24,569 [INFO] 符合条件股票数: 1
2025-08-11 10:13:24,570 [INFO] 002737
